  VistaPrincipal.cpp
C:\Users\altam\OneDrive\Escritorio\Estructuras de Datos\QuizProgramado\VistaPrincipal.cpp(24,54): warning C4244: 'argumento': conversión de 'int' a 'T'; posible pérdida de datos
C:\Users\altam\OneDrive\Escritorio\Estructuras de Datos\QuizProgramado\VistaPrincipal.cpp(24,54): warning C4244:         with
C:\Users\altam\OneDrive\Escritorio\Estructuras de Datos\QuizProgramado\VistaPrincipal.cpp(24,54): warning C4244:         [
C:\Users\altam\OneDrive\Escritorio\Estructuras de Datos\QuizProgramado\VistaPrincipal.cpp(24,54): warning C4244:             T=float
C:\Users\altam\OneDrive\Escritorio\Estructuras de Datos\QuizProgramado\VistaPrincipal.cpp(24,54): warning C4244:         ]
C:\Users\altam\OneDrive\Escritorio\Estructuras de Datos\QuizProgramado\VistaPrincipal.cpp(25,65): warning C4244: 'argumento': conversión de 'int' a 'T'; posible pérdida de datos
C:\Users\altam\OneDrive\Escritorio\Estructuras de Datos\QuizProgramado\VistaPrincipal.cpp(25,65): warning C4244:         with
C:\Users\altam\OneDrive\Escritorio\Estructuras de Datos\QuizProgramado\VistaPrincipal.cpp(25,65): warning C4244:         [
C:\Users\altam\OneDrive\Escritorio\Estructuras de Datos\QuizProgramado\VistaPrincipal.cpp(25,65): warning C4244:             T=float
C:\Users\altam\OneDrive\Escritorio\Estructuras de Datos\QuizProgramado\VistaPrincipal.cpp(25,65): warning C4244:         ]
C:\Users\altam\OneDrive\Escritorio\Estructuras de Datos\QuizProgramado\VistaPrincipal.cpp(26,61): warning C4244: 'argumento': conversión de 'int' a 'T'; posible pérdida de datos
C:\Users\altam\OneDrive\Escritorio\Estructuras de Datos\QuizProgramado\VistaPrincipal.cpp(26,61): warning C4244:         with
C:\Users\altam\OneDrive\Escritorio\Estructuras de Datos\QuizProgramado\VistaPrincipal.cpp(26,61): warning C4244:         [
C:\Users\altam\OneDrive\Escritorio\Estructuras de Datos\QuizProgramado\VistaPrincipal.cpp(26,61): warning C4244:             T=float
C:\Users\altam\OneDrive\Escritorio\Estructuras de Datos\QuizProgramado\VistaPrincipal.cpp(26,61): warning C4244:         ]
C:\Users\altam\OneDrive\Escritorio\Estructuras de Datos\QuizProgramado\VistaPrincipal.cpp(27,58): warning C4244: 'argumento': conversión de 'int' a 'T'; posible pérdida de datos
C:\Users\altam\OneDrive\Escritorio\Estructuras de Datos\QuizProgramado\VistaPrincipal.cpp(27,58): warning C4244:         with
C:\Users\altam\OneDrive\Escritorio\Estructuras de Datos\QuizProgramado\VistaPrincipal.cpp(27,58): warning C4244:         [
C:\Users\altam\OneDrive\Escritorio\Estructuras de Datos\QuizProgramado\VistaPrincipal.cpp(27,58): warning C4244:             T=float
C:\Users\altam\OneDrive\Escritorio\Estructuras de Datos\QuizProgramado\VistaPrincipal.cpp(27,58): warning C4244:         ]
C:\Users\altam\OneDrive\Escritorio\Estructuras de Datos\QuizProgramado\VistaPrincipal.cpp(28,57): warning C4244: 'argumento': conversión de 'int' a 'T'; posible pérdida de datos
C:\Users\altam\OneDrive\Escritorio\Estructuras de Datos\QuizProgramado\VistaPrincipal.cpp(28,57): warning C4244:         with
C:\Users\altam\OneDrive\Escritorio\Estructuras de Datos\QuizProgramado\VistaPrincipal.cpp(28,57): warning C4244:         [
C:\Users\altam\OneDrive\Escritorio\Estructuras de Datos\QuizProgramado\VistaPrincipal.cpp(28,57): warning C4244:             T=float
C:\Users\altam\OneDrive\Escritorio\Estructuras de Datos\QuizProgramado\VistaPrincipal.cpp(28,57): warning C4244:         ]
C:\Users\altam\OneDrive\Escritorio\Estructuras de Datos\QuizProgramado\VistaPrincipal.cpp(29,59): warning C4244: 'argumento': conversión de 'int' a 'T'; posible pérdida de datos
C:\Users\altam\OneDrive\Escritorio\Estructuras de Datos\QuizProgramado\VistaPrincipal.cpp(29,59): warning C4244:         with
C:\Users\altam\OneDrive\Escritorio\Estructuras de Datos\QuizProgramado\VistaPrincipal.cpp(29,59): warning C4244:         [
C:\Users\altam\OneDrive\Escritorio\Estructuras de Datos\QuizProgramado\VistaPrincipal.cpp(29,59): warning C4244:             T=float
C:\Users\altam\OneDrive\Escritorio\Estructuras de Datos\QuizProgramado\VistaPrincipal.cpp(29,59): warning C4244:         ]
C:\Users\altam\OneDrive\Escritorio\Estructuras de Datos\QuizProgramado\VistaPrincipal.cpp(269,47): warning C4244: 'argumento': conversión de 'int' a 'T'; posible pérdida de datos
C:\Users\altam\OneDrive\Escritorio\Estructuras de Datos\QuizProgramado\VistaPrincipal.cpp(269,47): warning C4244:         with
C:\Users\altam\OneDrive\Escritorio\Estructuras de Datos\QuizProgramado\VistaPrincipal.cpp(269,47): warning C4244:         [
C:\Users\altam\OneDrive\Escritorio\Estructuras de Datos\QuizProgramado\VistaPrincipal.cpp(269,47): warning C4244:             T=float
C:\Users\altam\OneDrive\Escritorio\Estructuras de Datos\QuizProgramado\VistaPrincipal.cpp(269,47): warning C4244:         ]
C:\Users\altam\OneDrive\Escritorio\Estructuras de Datos\QuizProgramado\VistaPrincipal.cpp(270,47): warning C4244: 'argumento': conversión de 'int' a 'T'; posible pérdida de datos
C:\Users\altam\OneDrive\Escritorio\Estructuras de Datos\QuizProgramado\VistaPrincipal.cpp(270,47): warning C4244:         with
C:\Users\altam\OneDrive\Escritorio\Estructuras de Datos\QuizProgramado\VistaPrincipal.cpp(270,47): warning C4244:         [
C:\Users\altam\OneDrive\Escritorio\Estructuras de Datos\QuizProgramado\VistaPrincipal.cpp(270,47): warning C4244:             T=float
C:\Users\altam\OneDrive\Escritorio\Estructuras de Datos\QuizProgramado\VistaPrincipal.cpp(270,47): warning C4244:         ]
C:\Users\altam\OneDrive\Escritorio\Estructuras de Datos\QuizProgramado\VistaPrincipal.cpp(275,50): warning C4244: 'argumento': conversión de 'int' a 'T'; posible pérdida de datos
C:\Users\altam\OneDrive\Escritorio\Estructuras de Datos\QuizProgramado\VistaPrincipal.cpp(275,50): warning C4244:         with
C:\Users\altam\OneDrive\Escritorio\Estructuras de Datos\QuizProgramado\VistaPrincipal.cpp(275,50): warning C4244:         [
C:\Users\altam\OneDrive\Escritorio\Estructuras de Datos\QuizProgramado\VistaPrincipal.cpp(275,50): warning C4244:             T=float
C:\Users\altam\OneDrive\Escritorio\Estructuras de Datos\QuizProgramado\VistaPrincipal.cpp(275,50): warning C4244:         ]
C:\Users\altam\OneDrive\Escritorio\Estructuras de Datos\QuizProgramado\VistaPrincipal.cpp(276,52): warning C4244: 'argumento': conversión de 'int' a 'T'; posible pérdida de datos
C:\Users\altam\OneDrive\Escritorio\Estructuras de Datos\QuizProgramado\VistaPrincipal.cpp(276,52): warning C4244:         with
C:\Users\altam\OneDrive\Escritorio\Estructuras de Datos\QuizProgramado\VistaPrincipal.cpp(276,52): warning C4244:         [
C:\Users\altam\OneDrive\Escritorio\Estructuras de Datos\QuizProgramado\VistaPrincipal.cpp(276,52): warning C4244:             T=float
C:\Users\altam\OneDrive\Escritorio\Estructuras de Datos\QuizProgramado\VistaPrincipal.cpp(276,52): warning C4244:         ]
C:\Users\altam\OneDrive\Escritorio\Estructuras de Datos\QuizProgramado\VistaPrincipal.cpp(284,45): warning C4244: 'argumento': conversión de 'int' a 'float'; posible pérdida de datos
C:\Users\altam\OneDrive\Escritorio\Estructuras de Datos\QuizProgramado\VistaPrincipal.cpp(289,50): warning C4244: 'argumento': conversión de 'int' a 'float'; posible pérdida de datos
C:\Users\altam\OneDrive\Escritorio\Estructuras de Datos\QuizProgramado\VistaPrincipal.cpp(297,42): warning C4244: 'argumento': conversión de 'int' a 'float'; posible pérdida de datos
C:\Users\altam\OneDrive\Escritorio\Estructuras de Datos\QuizProgramado\VistaPrincipal.cpp(297,31): warning C4244: 'argumento': conversión de 'int' a 'float'; posible pérdida de datos
C:\Users\altam\OneDrive\Escritorio\Estructuras de Datos\QuizProgramado\VistaPrincipal.cpp(324,60): warning C4244: 'argumento': conversión de 'int' a 'float'; posible pérdida de datos
C:\Users\altam\OneDrive\Escritorio\Estructuras de Datos\QuizProgramado\VistaPrincipal.cpp(324,44): warning C4244: 'argumento': conversión de 'int' a 'float'; posible pérdida de datos
C:\Program Files\Microsoft Visual Studio\2022\Community\VC\Tools\MSVC\14.41.34120\include\utility(269,16): warning C4244: 'inicializando': conversión de 'const _Ty1' a '_Ty1'; posible pérdida de datos
C:\Program Files\Microsoft Visual Studio\2022\Community\VC\Tools\MSVC\14.41.34120\include\utility(269,16): warning C4244:         with
C:\Program Files\Microsoft Visual Studio\2022\Community\VC\Tools\MSVC\14.41.34120\include\utility(269,16): warning C4244:         [
C:\Program Files\Microsoft Visual Studio\2022\Community\VC\Tools\MSVC\14.41.34120\include\utility(269,16): warning C4244:             _Ty1=int
C:\Program Files\Microsoft Visual Studio\2022\Community\VC\Tools\MSVC\14.41.34120\include\utility(269,16): warning C4244:         ]
C:\Program Files\Microsoft Visual Studio\2022\Community\VC\Tools\MSVC\14.41.34120\include\utility(269,16): warning C4244:         and
C:\Program Files\Microsoft Visual Studio\2022\Community\VC\Tools\MSVC\14.41.34120\include\utility(269,16): warning C4244:         [
C:\Program Files\Microsoft Visual Studio\2022\Community\VC\Tools\MSVC\14.41.34120\include\utility(269,16): warning C4244:             _Ty1=float
C:\Program Files\Microsoft Visual Studio\2022\Community\VC\Tools\MSVC\14.41.34120\include\utility(269,16): warning C4244:         ]
  (compilando archivo de origen "VistaPrincipal.cpp")
      C:\Program Files\Microsoft Visual Studio\2022\Community\VC\Tools\MSVC\14.41.34120\include\utility(269,16):
      el contexto de creación de instancias de la plantilla (el más antiguo primero) es
          C:\Users\altam\OneDrive\Escritorio\Estructuras de Datos\QuizProgramado\VistaPrincipal.cpp(93,59):
          Vea la referencia a la creación de una instancia de la función plantilla "std::pair<float,float>::pair<int,int,0>(const std::pair<int,int> &) noexcept" que se está compilando
              C:\Users\altam\OneDrive\Escritorio\Estructuras de Datos\QuizProgramado\VistaPrincipal.cpp(93,58):
              vea la primera referencia a “std::pair<float,float>::pair” en “VistaPrincipal::actualizarSeleccion”
  
C:\Program Files\Microsoft Visual Studio\2022\Community\VC\Tools\MSVC\14.41.34120\include\utility(269,38): warning C4244: 'inicializando': conversión de 'const _Ty2' a '_Ty2'; posible pérdida de datos
C:\Program Files\Microsoft Visual Studio\2022\Community\VC\Tools\MSVC\14.41.34120\include\utility(269,38): warning C4244:         with
C:\Program Files\Microsoft Visual Studio\2022\Community\VC\Tools\MSVC\14.41.34120\include\utility(269,38): warning C4244:         [
C:\Program Files\Microsoft Visual Studio\2022\Community\VC\Tools\MSVC\14.41.34120\include\utility(269,38): warning C4244:             _Ty2=int
C:\Program Files\Microsoft Visual Studio\2022\Community\VC\Tools\MSVC\14.41.34120\include\utility(269,38): warning C4244:         ]
C:\Program Files\Microsoft Visual Studio\2022\Community\VC\Tools\MSVC\14.41.34120\include\utility(269,38): warning C4244:         and
C:\Program Files\Microsoft Visual Studio\2022\Community\VC\Tools\MSVC\14.41.34120\include\utility(269,38): warning C4244:         [
C:\Program Files\Microsoft Visual Studio\2022\Community\VC\Tools\MSVC\14.41.34120\include\utility(269,38): warning C4244:             _Ty2=float
C:\Program Files\Microsoft Visual Studio\2022\Community\VC\Tools\MSVC\14.41.34120\include\utility(269,38): warning C4244:         ]
  (compilando archivo de origen "VistaPrincipal.cpp")
  
  QuizProgramado.vcxproj -> C:\Users\altam\OneDrive\Escritorio\Estructuras de Datos\QuizProgramado\x64\Debug\QuizProgramado.exe
